  stdafx.cpp
  AnimatedGameObject.cpp
  Animation.cpp
  AnimationFrame.cpp
  CyclicAnimation.cpp
  game.cpp
C:\Programmation_de_jeu\Tp2\ETU\Game\game.cpp(149,3): warning C4065: l'instruction switch contient 'default' mais aucune étiquette 'case'
  GameObject.cpp
  InputBasedAnimation.cpp
  Inputs.cpp
  LinearAnimation.cpp
  Publisher.cpp
  Scene.cpp
  TitleScene.cpp
  Génération de code en cours...
  Game.vcxproj -> C:\Programmation_de_jeu\Tp2\ETU\Debug\Game.lib
  C:\Programmation_de_jeu\Tp2\ETU\Game\Assets\Fonts\Level01\emulogic.ttf -> C:\Programmation_de_jeu\Tp2\ETU\Debug\Assets\Fonts\Level01\emulogic.ttf
  C:\Programmation_de_jeu\Tp2\ETU\Game\Assets\Music\Title\SkyFire (Title Screen).ogg -> C:\Programmation_de_jeu\Tp2\ETU\Debug\Assets\Music\Title\SkyFire (Title Screen).ogg
  C:\Programmation_de_jeu\Tp2\ETU\Game\Assets\SoundFX\Level01\bomb.wav -> C:\Programmation_de_jeu\Tp2\ETU\Debug\Assets\SoundFX\Level01\bomb.wav
  C:\Programmation_de_jeu\Tp2\ETU\Game\Assets\SoundFX\Level01\bossSpawning.wav -> C:\Programmation_de_jeu\Tp2\ETU\Debug\Assets\SoundFX\Level01\bossSpawning.wav
  C:\Programmation_de_jeu\Tp2\ETU\Game\Assets\SoundFX\Level01\enemyGun.wav -> C:\Programmation_de_jeu\Tp2\ETU\Debug\Assets\SoundFX\Level01\enemyGun.wav
  C:\Programmation_de_jeu\Tp2\ETU\Game\Assets\SoundFX\Level01\enemyKilled.wav -> C:\Programmation_de_jeu\Tp2\ETU\Debug\Assets\SoundFX\Level01\enemyKilled.wav
  C:\Programmation_de_jeu\Tp2\ETU\Game\Assets\SoundFX\Level01\gunBonus.wav -> C:\Programmation_de_jeu\Tp2\ETU\Debug\Assets\SoundFX\Level01\gunBonus.wav
  C:\Programmation_de_jeu\Tp2\ETU\Game\Assets\SoundFX\Level01\healthBonus.wav -> C:\Programmation_de_jeu\Tp2\ETU\Debug\Assets\SoundFX\Level01\healthBonus.wav
  C:\Programmation_de_jeu\Tp2\ETU\Game\Assets\SoundFX\Level01\iceball.wav -> C:\Programmation_de_jeu\Tp2\ETU\Debug\Assets\SoundFX\Level01\iceball.wav
  C:\Programmation_de_jeu\Tp2\ETU\Game\Assets\SoundFX\Level01\info.txt -> C:\Programmation_de_jeu\Tp2\ETU\Debug\Assets\SoundFX\Level01\info.txt
  C:\Programmation_de_jeu\Tp2\ETU\Game\Assets\SoundFX\Level01\playerGun.wav -> C:\Programmation_de_jeu\Tp2\ETU\Debug\Assets\SoundFX\Level01\playerGun.wav
  C:\Programmation_de_jeu\Tp2\ETU\Game\Assets\Sprites\Level01\NES - The Guardian Legend - Bosses.bmp -> C:\Programmation_de_jeu\Tp2\ETU\Debug\Assets\Sprites\Level01\NES - The Guardian Legend - Bosses.bmp
  C:\Programmation_de_jeu\Tp2\ETU\Game\Assets\Sprites\Level01\NES - The Guardian Legend - Miscellaneous.bmp -> C:\Programmation_de_jeu\Tp2\ETU\Debug\Assets\Sprites\Level01\NES - The Guardian Legend - Miscellaneous.bmp
  C:\Programmation_de_jeu\Tp2\ETU\Game\Assets\Sprites\Level01\NES - The Guardian Legend - The Guardian Alyssa.bmp -> C:\Programmation_de_jeu\Tp2\ETU\Debug\Assets\Sprites\Level01\NES - The Guardian Legend - The Guardian Alyssa.bmp
  C:\Programmation_de_jeu\Tp2\ETU\Game\Assets\Sprites\Level01\SpaceBackground.png -> C:\Programmation_de_jeu\Tp2\ETU\Debug\Assets\Sprites\Level01\SpaceBackground.png
  C:\Programmation_de_jeu\Tp2\ETU\Game\Assets\Sprites\Title\Title.png -> C:\Programmation_de_jeu\Tp2\ETU\Debug\Assets\Sprites\Title\Title.png
  16 fichier(s) copiÚ(s)
